0 verbose cli C:\Program Files\nodejs\node.exe C:\Users\Juan David\AppData\Roaming\npm\node_modules\npm\bin\npm-cli.js
1 info using npm@11.10.0
2 info using node@v24.11.1
3 silly config load:file:C:\Users\Juan David\AppData\Roaming\npm\node_modules\npm\npmrc
4 silly config load:file:C:\Users\Juan David\Api-python\.npmrc
5 silly config load:file:C:\Users\Juan David\.npmrc
6 silly config load:file:C:\Users\Juan David\AppData\Roaming\npm\etc\npmrc
7 verbose title npm install tailwindcss
8 verbose argv "install" "tailwindcss"
9 verbose logfile logs-max:10 dir:C:\Users\Juan David\Api-python\%USERPROFILE%\AppData\Local\npm-cache\_logs\2026-05-20T20_28_12_442Z-
10 verbose logfile C:\Users\Juan David\Api-python\%USERPROFILE%\AppData\Local\npm-cache\_logs\2026-05-20T20_28_12_442Z-debug-0.log
11 silly logfile done cleaning log files
12 silly packumentCache heap:2348810240 maxSize:587202560 maxEntrySize:293601280
13 silly idealTree buildDeps
14 silly fetch manifest tailwindcss@*
15 silly packumentCache full:https://registry.npmjs.org/tailwindcss cache-miss
16 http fetch GET 200 https://registry.npmjs.org/tailwindcss 678ms (cache miss)
17 silly packumentCache full:https://registry.npmjs.org/tailwindcss set size:undefined disposed:false
18 silly placeDep ROOT tailwindcss@4.3.0 OK for:  want: *
19 silly reify moves {}
20 http cache tailwindcss@https://registry.npmjs.org/tailwindcss/-/tailwindcss-4.3.0.tgz 0ms (cache hit)
21 silly tarball no local data for tailwindcss@https://registry.npmjs.org/tailwindcss/-/tailwindcss-4.3.0.tgz. Extracting by manifest.
22 http fetch GET 200 https://registry.npmjs.org/tailwindcss/-/tailwindcss-4.3.0.tgz 165ms (cache miss)
23 silly ADD node_modules/tailwindcss
24 verbose cwd C:\Users\Juan David\Api-python
25 verbose os Windows_NT 10.0.26200
26 verbose node v24.11.1
27 verbose npm  v11.10.0
28 verbose exit 0
29 info ok
