0 verbose cli C:\Program Files\nodejs\node.exe C:\Users\Juan David\AppData\Roaming\npm\node_modules\npm\bin\npm-cli.js
1 info using npm@11.10.0
2 info using node@v24.11.1
3 silly config load:file:C:\Users\Juan David\AppData\Roaming\npm\node_modules\npm\npmrc
4 silly config load:file:C:\Users\Juan David\Api-python\.npmrc
5 silly config load:file:C:\Users\Juan David\.npmrc
6 silly config load:file:C:\Users\Juan David\AppData\Roaming\npm\etc\npmrc
7 verbose title npm run dev
8 verbose argv "run" "dev"
9 verbose logfile logs-max:10 dir:C:\Users\Juan David\Api-python\%USERPROFILE%\AppData\Local\npm-cache\_logs\2026-05-20T20_33_59_070Z-
10 verbose logfile C:\Users\Juan David\Api-python\%USERPROFILE%\AppData\Local\npm-cache\_logs\2026-05-20T20_33_59_070Z-debug-0.log
11 silly logfile done cleaning log files
12 verbose stack Error: Missing script: "dev"
12 verbose stack
12 verbose stack To see a list of scripts, run:
12 verbose stack   npm run
12 verbose stack     at #run (C:\Users\Juan David\AppData\Roaming\npm\node_modules\npm\lib\commands\run.js:115:13)
12 verbose stack     at async RunScript.exec (C:\Users\Juan David\AppData\Roaming\npm\node_modules\npm\lib\commands\run.js:44:7)
12 verbose stack     at async Npm.exec (C:\Users\Juan David\AppData\Roaming\npm\node_modules\npm\lib\npm.js:209:9)
12 verbose stack     at async module.exports (C:\Users\Juan David\AppData\Roaming\npm\node_modules\npm\lib\cli\entry.js:67:5)
13 error Missing script: "dev"
13 error
13 error To see a list of scripts, run:
13 error   npm run
14 verbose cwd C:\Users\Juan David\Api-python
15 verbose os Windows_NT 10.0.26200
16 verbose node v24.11.1
17 verbose npm  v11.10.0
18 verbose exit 1
19 verbose code 1
20 error A complete log of this run can be found in: C:\Users\Juan David\Api-python\%USERPROFILE%\AppData\Local\npm-cache\_logs\2026-05-20T20_33_59_070Z-debug-0.log
