0 verbose cli C:\Program Files\nodejs\node.exe C:\Users\Juan David\AppData\Roaming\npm\node_modules\npm\bin\npm-cli.js
1 info using npm@11.10.0
2 info using node@v24.11.1
3 silly config load:file:C:\Users\Juan David\AppData\Roaming\npm\node_modules\npm\npmrc
4 silly config load:file:C:\Users\Juan David\Api-python\.npmrc
5 silly config load:file:C:\Users\Juan David\.npmrc
6 silly config load:file:C:\Users\Juan David\AppData\Roaming\npm\etc\npmrc
7 verbose title npm exec tailwindcss@latest init -p
8 verbose argv "exec" "--" "tailwindcss@latest" "init" "-p"
9 verbose logfile logs-max:10 dir:C:\Users\Juan David\Api-python\%USERPROFILE%\AppData\Local\npm-cache\_logs\2026-05-20T20_28_07_005Z-
10 verbose logfile C:\Users\Juan David\Api-python\%USERPROFILE%\AppData\Local\npm-cache\_logs\2026-05-20T20_28_07_005Z-debug-0.log
11 silly logfile done cleaning log files
12 silly packumentCache heap:2348810240 maxSize:587202560 maxEntrySize:293601280
13 http fetch GET 200 https://registry.npmjs.org/tailwindcss 1321ms (cache miss)
14 verbose stack Error: could not determine executable to run
14 verbose stack     at getBinFromManifest (C:\Users\Juan David\AppData\Roaming\npm\node_modules\npm\node_modules\libnpmexec\lib\get-bin-from-manifest.js:17:23)
14 verbose stack     at exec (C:\Users\Juan David\AppData\Roaming\npm\node_modules\npm\node_modules\libnpmexec\lib\index.js:211:15)
14 verbose stack     at async Npm.exec (C:\Users\Juan David\AppData\Roaming\npm\node_modules\npm\lib\npm.js:209:9)
14 verbose stack     at async module.exports (C:\Users\Juan David\AppData\Roaming\npm\node_modules\npm\lib\cli\entry.js:67:5)
15 verbose pkgid tailwindcss@4.3.0
16 error could not determine executable to run
17 verbose cwd C:\Users\Juan David\Api-python
18 verbose os Windows_NT 10.0.26200
19 verbose node v24.11.1
20 verbose npm  v11.10.0
21 verbose exit 1
22 verbose code 1
23 error A complete log of this run can be found in: C:\Users\Juan David\Api-python\%USERPROFILE%\AppData\Local\npm-cache\_logs\2026-05-20T20_28_07_005Z-debug-0.log
